May 18, 2018 4:27:07 PM model.GameEngineCallbackImpl displayRoll
FINE: The Roller: ROLLING Dice 1: 3, Dice 2: 4 .. Total: 7
May 18, 2018 4:27:07 PM model.GameEngineCallbackImpl displayRoll
FINE: The Roller: ROLLING Dice 1: 1, Dice 2: 1 .. Total: 2
May 18, 2018 4:27:07 PM model.GameEngineCallbackImpl displayRoll
FINE: The Roller: ROLLING Dice 1: 6, Dice 2: 6 .. Total: 12
May 18, 2018 4:27:07 PM model.GameEngineCallbackImpl displayRoll
FINE: The Roller: ROLLING Dice 1: 4, Dice 2: 3 .. Total: 7
May 18, 2018 4:27:07 PM model.GameEngineCallbackImpl displayRoll
FINE: The Roller: ROLLING Dice 1: 3, Dice 2: 1 .. Total: 4
May 18, 2018 4:27:07 PM model.GameEngineCallbackImpl displayFinalRoll
INFO: The Roller: *RESULT* Dice 1: 2, Dice 2: 4 .. Total: 6
May 18, 2018 4:27:07 PM model.GameEngineCallbackImpl displayRoll
FINE: The Loser: ROLLING Dice 1: 2, Dice 2: 5 .. Total: 7
May 18, 2018 4:27:07 PM model.GameEngineCallbackImpl displayRoll
FINE: The Loser: ROLLING Dice 1: 1, Dice 2: 2 .. Total: 3
May 18, 2018 4:27:07 PM model.GameEngineCallbackImpl displayRoll
FINE: The Loser: ROLLING Dice 1: 4, Dice 2: 5 .. Total: 9
May 18, 2018 4:27:07 PM model.GameEngineCallbackImpl displayRoll
FINE: The Loser: ROLLING Dice 1: 6, Dice 2: 2 .. Total: 8
May 18, 2018 4:27:07 PM model.GameEngineCallbackImpl displayRoll
FINE: The Loser: ROLLING Dice 1: 2, Dice 2: 3 .. Total: 5
May 18, 2018 4:27:07 PM model.GameEngineCallbackImpl displayFinalRoll
INFO: The Loser: *RESULT* Dice 1: 2, Dice 2: 3 .. Total: 5
May 18, 2018 4:27:07 PM model.GameEngineCallbackImpl displayRoll
FINE: House: ROLLING Dice 1: 3, Dice 2: 2 .. Total: 5
May 18, 2018 4:27:07 PM model.GameEngineCallbackImpl displayRoll
FINE: House: ROLLING Dice 1: 6, Dice 2: 6 .. Total: 12
May 18, 2018 4:27:07 PM model.GameEngineCallbackImpl displayRoll
FINE: House: ROLLING Dice 1: 1, Dice 2: 3 .. Total: 4
May 18, 2018 4:27:07 PM model.GameEngineCallbackImpl displayRoll
FINE: House: ROLLING Dice 1: 3, Dice 2: 6 .. Total: 9
May 18, 2018 4:27:07 PM model.GameEngineCallbackImpl displayRoll
FINE: House: ROLLING Dice 1: 6, Dice 2: 6 .. Total: 12
May 18, 2018 4:27:07 PM model.GameEngineCallbackImpl displayFinalRoll
INFO: House: *RESULT* Dice 1: 3, Dice 2: 3 .. Total: 6
May 18, 2018 4:27:07 PM model.GameEngineCallbackImpl displayResult
INFO: Player: id=1, name=The Roller, points=1000
May 18, 2018 4:27:07 PM model.GameEngineCallbackImpl displayResult
INFO: Player: id=2, name=The Loser, points=400
